2020-02-24 14:02:19 Error: [ParseError] syntax error, unexpected '$this' (T_VARIABLE), expecting function (T_FUNCTION) or const (T_CONST)
Request URL: /vanilla/github/test
Stack Trace:
#0 [internal function]: App::load('AppController')
#1 /var/www/html/vanilla/Controller/GithubController.php(3): spl_autoload_call('AppController')
#2 /var/www/html/vanilla/Lib/Cake/Core/App.php(567): include('/var/www/html/v...')
#3 [internal function]: App::load('GithubControlle...')
#4 [internal function]: spl_autoload_call('GithubControlle...')
#5 /var/www/html/vanilla/Lib/Cake/Routing/Dispatcher.php(266): class_exists('GithubControlle...')
#6 /var/www/html/vanilla/Lib/Cake/Routing/Dispatcher.php(235): Dispatcher->_loadController(Object(CakeRequest))
#7 /var/www/html/vanilla/Lib/Cake/Routing/Dispatcher.php(158): Dispatcher->_getController(Object(CakeRequest), Object(CakeResponse))
#8 /var/www/html/vanilla/webroot/index.php(117): Dispatcher->dispatch(Object(CakeRequest), Object(CakeResponse))
#9 {main}
2020-02-24 14:02:19 Error: Fatal Error (16): Exception thrown without a stack frame in [Unknown, line 0]
2020-02-24 14:02:19 Error: [FatalErrorException] Exception thrown without a stack frame
Request URL: /vanilla/github/test
Stack Trace:
#0 /var/www/html/vanilla/Lib/Cake/Error/ErrorHandler.php(212): ErrorHandler::handleFatalError(16, 'Exception throw...', 'Unknown', 0)
#1 /var/www/html/vanilla/Lib/Cake/Core/App.php(970): ErrorHandler::handleError(16, 'Exception throw...', 'Unknown', 0, Array)
#2 /var/www/html/vanilla/Lib/Cake/Core/App.php(943): App::_checkFatalError()
#3 [internal function]: App::shutdown()
#4 {main}
2020-02-24 14:03:28 Error: [Error] Call to undefined method GithubController::setLayout()
Request URL: /vanilla/github/test
Stack Trace:
#0 /var/www/html/vanilla/Lib/Cake/Event/CakeEventManager.php(244): AppController->beforeFilter(Object(CakeEvent))
#1 /var/www/html/vanilla/Lib/Cake/Controller/Controller.php(682): CakeEventManager->dispatch(Object(CakeEvent))
#2 /var/www/html/vanilla/Lib/Cake/Routing/Dispatcher.php(189): Controller->startupProcess()
#3 /var/www/html/vanilla/Lib/Cake/Routing/Dispatcher.php(167): Dispatcher->_invoke(Object(GithubController), Object(CakeRequest))
#4 /var/www/html/vanilla/webroot/index.php(117): Dispatcher->dispatch(Object(CakeRequest), Object(CakeResponse))
#5 {main}
2020-02-24 14:03:28 Error: Fatal Error (1): Uncaught Error: Call to undefined method CakeErrorController::setLayout() in /var/www/html/vanilla/Controller/AppController.php:37
Stack trace:
#0 /var/www/html/vanilla/Lib/Cake/Event/CakeEventManager.php(244): AppController->beforeFilter(Object(CakeEvent))
#1 /var/www/html/vanilla/Lib/Cake/Controller/Controller.php(682): CakeEventManager->dispatch(Object(CakeEvent))
#2 /var/www/html/vanilla/Lib/Cake/Error/ExceptionRenderer.php(158): Controller->startupProcess()
#3 /var/www/html/vanilla/Lib/Cake/Error/ExceptionRenderer.php(95): ExceptionRenderer->_getController(Object(Error))
#4 /var/www/html/vanilla/Lib/Cake/Error/ErrorHandler.php(126): ExceptionRenderer->__construct(Object(Error))
#5 [internal function]: ErrorHandler::handleException(Object(Error))
#6 {main}
  thrown in [/var/www/html/vanilla/Controller/AppController.php, line 37]
2020-02-24 14:03:28 Error: [FatalErrorException] Uncaught Error: Call to undefined method CakeErrorController::setLayout() in /var/www/html/vanilla/Controller/AppController.php:37
Stack trace:
#0 /var/www/html/vanilla/Lib/Cake/Event/CakeEventManager.php(244): AppController->beforeFilter(Object(CakeEvent))
#1 /var/www/html/vanilla/Lib/Cake/Controller/Controller.php(682): CakeEventManager->dispatch(Object(CakeEvent))
#2 /var/www/html/vanilla/Lib/Cake/Error/ExceptionRenderer.php(158): Controller->startupProcess()
#3 /var/www/html/vanilla/Lib/Cake/Error/ExceptionRenderer.php(95): ExceptionRenderer->_getController(Object(Error))
#4 /var/www/html/vanilla/Lib/Cake/Error/ErrorHandler.php(126): ExceptionRenderer->__construct(Object(Error))
#5 [internal function]: ErrorHandler::handleException(Object(Error))
#6 {main}
  thrown
Request URL: /vanilla/github/test
Stack Trace:
#0 /var/www/html/vanilla/Lib/Cake/Error/ErrorHandler.php(212): ErrorHandler::handleFatalError(1, 'Uncaught Error:...', '/var/www/html/v...', 37)
#1 /var/www/html/vanilla/Lib/Cake/Core/App.php(970): ErrorHandler::handleError(1, 'Uncaught Error:...', '/var/www/html/v...', 37, Array)
#2 /var/www/html/vanilla/Lib/Cake/Core/App.php(943): App::_checkFatalError()
#3 [internal function]: App::shutdown()
#4 {main}
2020-02-24 14:03:39 Error: [Error] Call to undefined method GithubController::layout()
Request URL: /vanilla/github/test
Stack Trace:
#0 /var/www/html/vanilla/Lib/Cake/Event/CakeEventManager.php(244): AppController->beforeFilter(Object(CakeEvent))
#1 /var/www/html/vanilla/Lib/Cake/Controller/Controller.php(682): CakeEventManager->dispatch(Object(CakeEvent))
#2 /var/www/html/vanilla/Lib/Cake/Routing/Dispatcher.php(189): Controller->startupProcess()
#3 /var/www/html/vanilla/Lib/Cake/Routing/Dispatcher.php(167): Dispatcher->_invoke(Object(GithubController), Object(CakeRequest))
#4 /var/www/html/vanilla/webroot/index.php(117): Dispatcher->dispatch(Object(CakeRequest), Object(CakeResponse))
#5 {main}
2020-02-24 14:03:39 Error: Fatal Error (1): Uncaught Error: Call to undefined method CakeErrorController::layout() in /var/www/html/vanilla/Controller/AppController.php:37
Stack trace:
#0 /var/www/html/vanilla/Lib/Cake/Event/CakeEventManager.php(244): AppController->beforeFilter(Object(CakeEvent))
#1 /var/www/html/vanilla/Lib/Cake/Controller/Controller.php(682): CakeEventManager->dispatch(Object(CakeEvent))
#2 /var/www/html/vanilla/Lib/Cake/Error/ExceptionRenderer.php(158): Controller->startupProcess()
#3 /var/www/html/vanilla/Lib/Cake/Error/ExceptionRenderer.php(95): ExceptionRenderer->_getController(Object(Error))
#4 /var/www/html/vanilla/Lib/Cake/Error/ErrorHandler.php(126): ExceptionRenderer->__construct(Object(Error))
#5 [internal function]: ErrorHandler::handleException(Object(Error))
#6 {main}
  thrown in [/var/www/html/vanilla/Controller/AppController.php, line 37]
2020-02-24 14:03:39 Error: [FatalErrorException] Uncaught Error: Call to undefined method CakeErrorController::layout() in /var/www/html/vanilla/Controller/AppController.php:37
Stack trace:
#0 /var/www/html/vanilla/Lib/Cake/Event/CakeEventManager.php(244): AppController->beforeFilter(Object(CakeEvent))
#1 /var/www/html/vanilla/Lib/Cake/Controller/Controller.php(682): CakeEventManager->dispatch(Object(CakeEvent))
#2 /var/www/html/vanilla/Lib/Cake/Error/ExceptionRenderer.php(158): Controller->startupProcess()
#3 /var/www/html/vanilla/Lib/Cake/Error/ExceptionRenderer.php(95): ExceptionRenderer->_getController(Object(Error))
#4 /var/www/html/vanilla/Lib/Cake/Error/ErrorHandler.php(126): ExceptionRenderer->__construct(Object(Error))
#5 [internal function]: ErrorHandler::handleException(Object(Error))
#6 {main}
  thrown
Request URL: /vanilla/github/test
Stack Trace:
#0 /var/www/html/vanilla/Lib/Cake/Error/ErrorHandler.php(212): ErrorHandler::handleFatalError(1, 'Uncaught Error:...', '/var/www/html/v...', 37)
#1 /var/www/html/vanilla/Lib/Cake/Core/App.php(970): ErrorHandler::handleError(1, 'Uncaught Error:...', '/var/www/html/v...', 37, Array)
#2 /var/www/html/vanilla/Lib/Cake/Core/App.php(943): App::_checkFatalError()
#3 [internal function]: App::shutdown()
#4 {main}
2020-02-24 14:05:22 Error: [MissingViewException] View file "Github/test.ctp" is missing.
Exception Attributes: array (
  'file' => 'Github/test.ctp',
)
Request URL: /vanilla/github/test
Stack Trace:
#0 /var/www/html/vanilla/Lib/Cake/View/View.php(470): View->_getViewFileName('Github/test')
#1 /var/www/html/vanilla/Lib/Cake/Controller/Controller.php(968): View->render(NULL, NULL)
#2 /var/www/html/vanilla/Lib/Cake/Routing/Dispatcher.php(200): Controller->render()
#3 /var/www/html/vanilla/Lib/Cake/Routing/Dispatcher.php(167): Dispatcher->_invoke(Object(GithubController), Object(CakeRequest))
#4 /var/www/html/vanilla/webroot/index.php(117): Dispatcher->dispatch(Object(CakeRequest), Object(CakeResponse))
#5 {main}
2020-02-24 14:42:06 Error: [Error] Call to undefined function curl_init()
Request URL: /vanilla/github/test
Stack Trace:
#0 [internal function]: GithubController->test()
#1 /var/www/html/vanilla/Lib/Cake/Controller/Controller.php(499): ReflectionMethod->invokeArgs(Object(GithubController), Array)
#2 /var/www/html/vanilla/Lib/Cake/Routing/Dispatcher.php(193): Controller->invokeAction(Object(CakeRequest))
#3 /var/www/html/vanilla/Lib/Cake/Routing/Dispatcher.php(167): Dispatcher->_invoke(Object(GithubController), Object(CakeRequest))
#4 /var/www/html/vanilla/webroot/index.php(117): Dispatcher->dispatch(Object(CakeRequest), Object(CakeResponse))
#5 {main}
2020-02-24 14:48:16 Error: [ParseError] syntax error, unexpected 'beforeFilter' (T_STRING), expecting function (T_FUNCTION) or const (T_CONST)
Request URL: /vanilla/github/test
Stack Trace:
#0 [internal function]: App::load('GithubControlle...')
#1 [internal function]: spl_autoload_call('GithubControlle...')
#2 /var/www/html/vanilla/Lib/Cake/Routing/Dispatcher.php(266): class_exists('GithubControlle...')
#3 /var/www/html/vanilla/Lib/Cake/Routing/Dispatcher.php(235): Dispatcher->_loadController(Object(CakeRequest))
#4 /var/www/html/vanilla/Lib/Cake/Routing/Dispatcher.php(158): Dispatcher->_getController(Object(CakeRequest), Object(CakeResponse))
#5 /var/www/html/vanilla/webroot/index.php(117): Dispatcher->dispatch(Object(CakeRequest), Object(CakeResponse))
#6 {main}
2020-02-24 15:19:29 Error: [MissingViewException] View file "Github/authgithub.ctp" is missing.
Exception Attributes: array (
  'file' => 'Github/authgithub.ctp',
)
Request URL: /vanilla/github/authgithub
Stack Trace:
#0 /var/www/html/vanilla/Lib/Cake/View/View.php(470): View->_getViewFileName('Github/authgith...')
#1 /var/www/html/vanilla/Lib/Cake/Controller/Controller.php(968): View->render(NULL, NULL)
#2 /var/www/html/vanilla/Lib/Cake/Routing/Dispatcher.php(200): Controller->render()
#3 /var/www/html/vanilla/Lib/Cake/Routing/Dispatcher.php(167): Dispatcher->_invoke(Object(GithubController), Object(CakeRequest))
#4 /var/www/html/vanilla/webroot/index.php(117): Dispatcher->dispatch(Object(CakeRequest), Object(CakeResponse))
#5 {main}
2020-02-24 15:23:07 Error: [MissingControllerException] Controller class RedirController could not be found.
Exception Attributes: array (
  'class' => 'RedirController',
  'plugin' => NULL,
)
Request URL: /vanilla/redir?code=a28cea10f639b0d0e328
Stack Trace:
#0 /var/www/html/vanilla/webroot/index.php(117): Dispatcher->dispatch(Object(CakeRequest), Object(CakeResponse))
#1 {main}
2020-02-24 15:49:50 Error: [MissingViewException] View file "Github/authredir.ctp" is missing.
Exception Attributes: array (
  'file' => 'Github/authredir.ctp',
)
Request URL: /vanilla/github/authredir?code=9e79064da1cd29a4b802
Stack Trace:
#0 /var/www/html/vanilla/Lib/Cake/View/View.php(470): View->_getViewFileName('Github/authredi...')
#1 /var/www/html/vanilla/Lib/Cake/Controller/Controller.php(968): View->render(NULL, NULL)
#2 /var/www/html/vanilla/Lib/Cake/Routing/Dispatcher.php(200): Controller->render()
#3 /var/www/html/vanilla/Lib/Cake/Routing/Dispatcher.php(167): Dispatcher->_invoke(Object(GithubController), Object(CakeRequest))
#4 /var/www/html/vanilla/webroot/index.php(117): Dispatcher->dispatch(Object(CakeRequest), Object(CakeResponse))
#5 {main}
2020-02-24 15:50:41 Error: [MissingViewException] View file "Github/authredir.ctp" is missing.
Exception Attributes: array (
  'file' => 'Github/authredir.ctp',
)
Request URL: /vanilla/github/authredir?code=e80a134890c092c924bc
Stack Trace:
#0 /var/www/html/vanilla/Lib/Cake/View/View.php(470): View->_getViewFileName('Github/authredi...')
#1 /var/www/html/vanilla/Lib/Cake/Controller/Controller.php(968): View->render(NULL, NULL)
#2 /var/www/html/vanilla/Lib/Cake/Routing/Dispatcher.php(200): Controller->render()
#3 /var/www/html/vanilla/Lib/Cake/Routing/Dispatcher.php(167): Dispatcher->_invoke(Object(GithubController), Object(CakeRequest))
#4 /var/www/html/vanilla/webroot/index.php(117): Dispatcher->dispatch(Object(CakeRequest), Object(CakeResponse))
#5 {main}
2020-02-24 15:56:11 Error: [MissingViewException] View file "Github/authredir.ctp" is missing.
Exception Attributes: array (
  'file' => 'Github/authredir.ctp',
)
Request URL: /vanilla/github/authredir?code=419e040d9278007e8355
Stack Trace:
#0 /var/www/html/vanilla/Lib/Cake/View/View.php(470): View->_getViewFileName('Github/authredi...')
#1 /var/www/html/vanilla/Lib/Cake/Controller/Controller.php(968): View->render(NULL, NULL)
#2 /var/www/html/vanilla/Lib/Cake/Routing/Dispatcher.php(200): Controller->render()
#3 /var/www/html/vanilla/Lib/Cake/Routing/Dispatcher.php(167): Dispatcher->_invoke(Object(GithubController), Object(CakeRequest))
#4 /var/www/html/vanilla/webroot/index.php(117): Dispatcher->dispatch(Object(CakeRequest), Object(CakeResponse))
#5 {main}
2020-02-24 16:12:13 Error: [ParseError] syntax error, unexpected '=>' (T_DOUBLE_ARROW), expecting ',' or ')'
Request URL: /vanilla/github/authgithub
Stack Trace:
#0 [internal function]: App::load('GithubControlle...')
#1 [internal function]: spl_autoload_call('GithubControlle...')
#2 /var/www/html/vanilla/Lib/Cake/Routing/Dispatcher.php(266): class_exists('GithubControlle...')
#3 /var/www/html/vanilla/Lib/Cake/Routing/Dispatcher.php(235): Dispatcher->_loadController(Object(CakeRequest))
#4 /var/www/html/vanilla/Lib/Cake/Routing/Dispatcher.php(158): Dispatcher->_getController(Object(CakeRequest), Object(CakeResponse))
#5 /var/www/html/vanilla/webroot/index.php(117): Dispatcher->dispatch(Object(CakeRequest), Object(CakeResponse))
#6 {main}
2020-02-24 16:12:50 Error: [ParseError] syntax error, unexpected '=>' (T_DOUBLE_ARROW), expecting ',' or ')'
Request URL: /vanilla/github/authgithub
Stack Trace:
#0 [internal function]: App::load('GithubControlle...')
#1 [internal function]: spl_autoload_call('GithubControlle...')
#2 /var/www/html/vanilla/Lib/Cake/Routing/Dispatcher.php(266): class_exists('GithubControlle...')
#3 /var/www/html/vanilla/Lib/Cake/Routing/Dispatcher.php(235): Dispatcher->_loadController(Object(CakeRequest))
#4 /var/www/html/vanilla/Lib/Cake/Routing/Dispatcher.php(158): Dispatcher->_getController(Object(CakeRequest), Object(CakeResponse))
#5 /var/www/html/vanilla/webroot/index.php(117): Dispatcher->dispatch(Object(CakeRequest), Object(CakeResponse))
#6 {main}
2020-02-24 16:36:46 Error: [MissingViewException] View file "Github/resetkeys.ctp" is missing.
Exception Attributes: array (
  'file' => 'Github/resetkeys.ctp',
)
Request URL: /vanilla/github/resetkeys
Stack Trace:
#0 /var/www/html/vanilla/Lib/Cake/View/View.php(470): View->_getViewFileName('Github/resetkey...')
#1 /var/www/html/vanilla/Lib/Cake/Controller/Controller.php(968): View->render(NULL, NULL)
#2 /var/www/html/vanilla/Lib/Cake/Routing/Dispatcher.php(200): Controller->render()
#3 /var/www/html/vanilla/Lib/Cake/Routing/Dispatcher.php(167): Dispatcher->_invoke(Object(GithubController), Object(CakeRequest))
#4 /var/www/html/vanilla/webroot/index.php(117): Dispatcher->dispatch(Object(CakeRequest), Object(CakeResponse))
#5 {main}
2020-02-24 16:37:44 Error: [MissingViewException] View file "Github/checkrepos.ctp" is missing.
Exception Attributes: array (
  'file' => 'Github/checkrepos.ctp',
)
Request URL: /vanilla/github/checkrepos
Stack Trace:
#0 /var/www/html/vanilla/Lib/Cake/View/View.php(470): View->_getViewFileName('Github/checkrep...')
#1 /var/www/html/vanilla/Lib/Cake/Controller/Controller.php(968): View->render(NULL, NULL)
#2 /var/www/html/vanilla/Lib/Cake/Routing/Dispatcher.php(200): Controller->render()
#3 /var/www/html/vanilla/Lib/Cake/Routing/Dispatcher.php(167): Dispatcher->_invoke(Object(GithubController), Object(CakeRequest))
#4 /var/www/html/vanilla/webroot/index.php(117): Dispatcher->dispatch(Object(CakeRequest), Object(CakeResponse))
#5 {main}
2020-02-24 16:41:19 Error: [MissingActionException] Action GithubController::index() could not be found.
Exception Attributes: array (
  'controller' => 'GithubController',
  'action' => 'index',
)
Request URL: /vanilla/github
Stack Trace:
#0 /var/www/html/vanilla/Lib/Cake/Routing/Dispatcher.php(193): Controller->invokeAction(Object(CakeRequest))
#1 /var/www/html/vanilla/Lib/Cake/Routing/Dispatcher.php(167): Dispatcher->_invoke(Object(GithubController), Object(CakeRequest))
#2 /var/www/html/vanilla/webroot/index.php(117): Dispatcher->dispatch(Object(CakeRequest), Object(CakeResponse))
#3 {main}
